<?xml version="1.0" encoding="UTF-8"?>
<!-- Generated by org.testng.reporters.JUnitXMLReporter -->
<testsuite ignored="5" hostname="DESKTOP-BOBJL25" failures="0" tests="1" name="Default test" time="6.583" errors="0" timestamp="2025-05-31T15:23:34 IST">
  <testcase classname="practice_java.practice" name="teztlink" time="0.566"/>
  <testcase classname="practice_java.practice" name="actiondrag" time="0.0">
    <ignored/>
  </testcase> <!-- actiondrag -->
  <testcase classname="practice_java.practice" name="teztazzert" time="0.0">
    <ignored/>
  </testcase> <!-- teztazzert -->
  <testcase classname="practice_java.practice" name="teztzcroll" time="0.0">
    <ignored/>
  </testcase> <!-- teztzcroll -->
  <testcase classname="practice_java.practice" name="teztimage" time="0.0">
    <ignored/>
  </testcase> <!-- teztimage -->
  <testcase classname="practice_java.practice" name="actiontezt" time="0.0">
    <ignored/>
  </testcase> <!-- actiontezt -->
</testsuite> <!-- Default test -->
