<?xml version="1.0" encoding="UTF-8"?>
<testng-results ignored="0" total="1" passed="1" failed="0" skipped="0">
  <reporter-output>
  </reporter-output>
  <suite started-at="2025-05-31T15:23:27 IST" name="Default suite" finished-at="2025-05-31T15:23:33 IST" duration-ms="6583">
    <groups>
    </groups>
    <test started-at="2025-05-31T15:23:27 IST" name="Default test" finished-at="2025-05-31T15:23:33 IST" duration-ms="6583">
      <class name="practice_java.practice">
        <test-method is-config="true" signature="beforetezt()[pri:0, instance:practice_java.practice@2f217633]" started-at="2025-05-31T15:23:27 IST" name="beforetezt" finished-at="2025-05-31T15:23:32 IST" duration-ms="5501" status="PASS">
          <reporter-output>
          </reporter-output>
        </test-method> <!-- beforetezt -->
        <test-method signature="teztlink()[pri:1, instance:practice_java.practice@2f217633]" started-at="2025-05-31T15:23:32 IST" name="teztlink" finished-at="2025-05-31T15:23:33 IST" duration-ms="566" status="PASS">
          <reporter-output>
          </reporter-output>
        </test-method> <!-- teztlink -->
        <test-method is-config="true" signature="aftertezt()[pri:0, instance:practice_java.practice@2f217633]" started-at="2025-05-31T15:23:33 IST" name="aftertezt" finished-at="2025-05-31T15:23:33 IST" duration-ms="451" status="PASS">
          <reporter-output>
          </reporter-output>
        </test-method> <!-- aftertezt -->
      </class> <!-- practice_java.practice -->
    </test> <!-- Default test -->
  </suite> <!-- Default suite -->
</testng-results>
