<?xml version="1.0" encoding="UTF-8"?>
<!-- Generated by org.testng.reporters.JUnitXMLReporter -->
<testsuite ignored="0" hostname="DESKTOP-BOBJL25" failures="0" tests="2" name="FirefoxTest" time="2.614" errors="0" timestamp="2025-05-15T07:54:37 IST">
  <testcase classname="pqrallel.Dataprovider" name="testLogin" time="0.0">
    <skipped/>
  </testcase> <!-- testLogin -->
  <testcase classname="pqrallel.Dataprovider" name="testLogin" time="0.0">
    <skipped/>
  </testcase> <!-- testLogin -->
</testsuite> <!-- FirefoxTest -->
